30-12-2019 15:18:51,245 INFO  (FutureTrackingApplication.java:13) - Test de mon logger
30-12-2019 16:13:33,344 INFO  (FutureTrackingApplication.java:14) - Test de mon logger
30-12-2019 17:16:42,012 INFO  (FutureTrackingApplication.java:14) - Test de mon logger
30-12-2019 17:19:28,362 INFO  (FutureTrackingApplication.java:16) - Test de mon logger
30-12-2019 17:20:48,721 INFO  (FutureTrackingApplication.java:16) - Test de mon logger
30-12-2019 17:22:02,665 INFO  (FutureTrackingApplication.java:16) - Test de mon logger
30-12-2019 17:24:13,393 INFO  (FutureTrackingApplication.java:16) - Test de mon logger
30-12-2019 17:26:43,063 INFO  (FutureTrackingApplication.java:18) - Test de mon logger
30-12-2019 17:27:10,725 INFO  (FutureTrackingApplication.java:18) - Test de mon logger
30-12-2019 17:27:35,287 INFO  (FutureTrackingApplication.java:17) - Test de mon logger
31-12-2019 09:44:12,664 INFO  (FutureTrackingApplication.java:17) - Test de mon logger
31-12-2019 09:53:37,804 INFO  (FutureTrackingApplication.java:17) - Test de mon logger
31-12-2019 09:54:50,764 INFO  (FutureTrackingApplication.java:17) - Test de mon logger
31-12-2019 09:59:57,317 INFO  (FutureTrackingApplication.java:17) - Test de mon logger
31-12-2019 10:12:46,244 INFO  (FutureTrackingApplication.java:17) - Test de mon logger
31-12-2019 10:15:49,230 INFO  (FutureTrackingApplication.java:17) - Test de mon logger
31-12-2019 10:23:54,141 INFO  (FutureTrackingApplication.java:17) - Test de mon logger
31-12-2019 10:24:30,878 INFO  (FutureTrackingApplication.java:17) - Test de mon logger
31-12-2019 10:25:13,863 INFO  (FutureTrackingApplication.java:17) - Test de mon logger
31-12-2019 10:26:22,241 INFO  (FutureTrackingApplication.java:17) - Test de mon logger
31-12-2019 10:34:23,040 INFO  (FutureTrackingApplication.java:17) - Test de mon logger
31-12-2019 10:38:47,704 INFO  (FutureTrackingApplication.java:17) - Test de mon logger
31-12-2019 10:43:05,889 INFO  (FutureTrackingApplication.java:17) - Test de mon logger
31-12-2019 10:44:23,852 INFO  (FutureTrackingApplication.java:17) - Test de mon logger
31-12-2019 10:45:51,103 INFO  (FutureTrackingApplication.java:17) - Test de mon logger
31-12-2019 10:48:26,362 INFO  (FutureTrackingApplication.java:17) - Test de mon logger
31-12-2019 10:49:40,513 INFO  (FutureTrackingApplication.java:17) - Test de mon logger
31-12-2019 10:50:07,093 INFO  (FutureTrackingApplication.java:17) - Test de mon logger
31-12-2019 10:52:14,212 INFO  (FutureTrackingApplication.java:17) - Test de mon logger
31-12-2019 10:53:32,903 INFO  (FutureTrackingApplication.java:17) - Test de mon logger
31-12-2019 11:03:53,579 INFO  (FutureTrackingApplication.java:17) - Test de mon logger
31-12-2019 11:06:32,465 INFO  (FutureTrackingApplication.java:17) - Test de mon logger
31-12-2019 11:15:34,718 INFO  (FutureTrackingApplication.java:17) - Test de mon logger
31-12-2019 11:21:34,725 INFO  (FutureTrackingApplication.java:17) - Test de mon logger
31-12-2019 11:31:33,601 INFO  (FutureTrackingApplication.java:17) - Test de mon logger
31-12-2019 11:36:47,435 INFO  (FutureTrackingApplication.java:17) - Test de mon logger
31-12-2019 11:38:09,687 INFO  (FutureTrackingApplication.java:17) - Test de mon logger
31-12-2019 11:40:44,860 INFO  (FutureTrackingApplication.java:17) - Test de mon logger
31-12-2019 11:41:48,739 INFO  (FutureTrackingApplication.java:17) - Test de mon logger
31-12-2019 11:43:18,359 INFO  (FutureTrackingApplication.java:17) - Test de mon logger
31-12-2019 11:43:54,575 INFO  (FutureTrackingApplication.java:17) - Test de mon logger
31-12-2019 11:45:00,793 INFO  (FutureTrackingApplication.java:17) - Test de mon logger
31-12-2019 11:45:25,253 INFO  (FutureTrackingApplication.java:17) - Test de mon logger
31-12-2019 11:51:48,854 INFO  (FutureTrackingApplication.java:15) - Démarrage de l'application Future Tracking BackEnd
31-12-2019 11:51:49,527 INFO  (FutureTrackingApplication.java:15) - Démarrage de l'application Future Tracking BackEnd
31-12-2019 11:52:35,781 DEBUG (RecipeController.java:36) - Appel de la méthode: showAllRecipes() via url: /getRecipes
31-12-2019 11:55:20,769 INFO  (FutureTrackingApplication.java:15) - Démarrage de l'application Future Tracking BackEnd
31-12-2019 11:55:24,894 INFO  (FutureTrackingApplication.java:15) - Démarrage de l'application Future Tracking BackEnd
31-12-2019 11:55:25,576 INFO  (FutureTrackingApplication.java:15) - Démarrage de l'application Future Tracking BackEnd
31-12-2019 11:55:50,541 INFO  (FutureTrackingApplication.java:15) - Démarrage de l'application Future Tracking BackEnd
31-12-2019 11:55:50,858 INFO  (FutureTrackingApplication.java:15) - Démarrage de l'application Future Tracking BackEnd
31-12-2019 11:56:21,005 DEBUG (RecipeController.java:36) - Appel de la méthode: showAllRecipes() via url: /getRecipes
31-12-2019 12:00:50,777 INFO  (FutureTrackingApplication.java:15) - Démarrage de l'application Future Tracking BackEnd
31-12-2019 12:00:51,683 INFO  (FutureTrackingApplication.java:15) - Démarrage de l'application Future Tracking BackEnd
31-12-2019 12:01:17,846 DEBUG (RecipeController.java:36) - Appel de la méthode: showAllRecipes() via url: /getRecipes
31-12-2019 12:01:20,863 DEBUG (RecipeController.java:36) - Appel de la méthode: showAllRecipes() via url: /getRecipes
31-12-2019 12:02:53,686 INFO  (FutureTrackingApplication.java:15) - Démarrage de l'application Future Tracking BackEnd
31-12-2019 13:37:57,978 DEBUG (RecipeController.java:36) - Appel de la méthode: showAllRecipes() via url: /getRecipes
31-12-2019 13:40:35,048 INFO  (FutureTrackingApplication.java:15) - Démarrage de l'application Future Tracking BackEnd
31-12-2019 13:40:35,418 INFO  (FutureTrackingApplication.java:15) - Démarrage de l'application Future Tracking BackEnd
31-12-2019 13:42:21,814 DEBUG (RecipeController.java:36) - Appel de la méthode: showAllRecipes() via url: /getRecipes
31-12-2019 13:42:31,754 DEBUG (RecipeController.java:36) - Appel de la méthode: showAllRecipes() via url: /getRecipes
31-12-2019 13:48:39,312 INFO  (FutureTrackingApplication.java:15) - Démarrage de l'application Future Tracking BackEnd
31-12-2019 13:48:39,695 INFO  (FutureTrackingApplication.java:15) - Démarrage de l'application Future Tracking BackEnd
31-12-2019 13:48:48,308 INFO  (FutureTrackingApplication.java:15) - Démarrage de l'application Future Tracking BackEnd
31-12-2019 13:48:48,544 INFO  (FutureTrackingApplication.java:15) - Démarrage de l'application Future Tracking BackEnd
31-12-2019 13:49:26,833 DEBUG (RecipeController.java:36) - Appel de la méthode: showAllRecipes() via url: /getRecipes
31-12-2019 13:49:50,395 INFO  (FutureTrackingApplication.java:15) - Démarrage de l'application Future Tracking BackEnd
31-12-2019 14:37:55,151 INFO  (FutureTrackingApplication.java:15) - Démarrage de l'application Future Tracking BackEnd
31-12-2019 14:37:55,646 INFO  (FutureTrackingApplication.java:15) - Démarrage de l'application Future Tracking BackEnd
31-12-2019 14:38:13,485 DEBUG (RecipeController.java:38) - Appel de la méthode: showAllRecipes() via url: /getRecipes
31-12-2019 14:39:15,252 INFO  (FutureTrackingApplication.java:15) - Démarrage de l'application Future Tracking BackEnd
31-12-2019 14:39:15,524 INFO  (FutureTrackingApplication.java:15) - Démarrage de l'application Future Tracking BackEnd
31-12-2019 14:45:10,766 INFO  (FutureTrackingApplication.java:15) - Démarrage de l'application Future Tracking BackEnd
31-12-2019 14:45:11,210 INFO  (FutureTrackingApplication.java:15) - Démarrage de l'application Future Tracking BackEnd
31-12-2019 14:49:44,595 INFO  (FutureTrackingApplication.java:15) - Démarrage de l'application Future Tracking BackEnd
31-12-2019 14:49:44,943 INFO  (FutureTrackingApplication.java:15) - Démarrage de l'application Future Tracking BackEnd
31-12-2019 14:51:17,273 DEBUG (RecipeController.java:39) - Appel de la méthode: showAllRecipes() via url: /getRecipes
31-12-2019 14:51:35,206 DEBUG (RecipeController.java:39) - Appel de la méthode: showAllRecipes() via url: /getRecipes
31-12-2019 14:51:38,640 DEBUG (RecipeController.java:39) - Appel de la méthode: showAllRecipes() via url: /getRecipes
31-12-2019 14:51:52,005 DEBUG (RecipeController.java:39) - Appel de la méthode: showAllRecipes() via url: /getRecipes
31-12-2019 14:52:41,094 DEBUG (RecipeController.java:39) - Appel de la méthode: showAllRecipes() via url: /getRecipes
31-12-2019 14:52:56,902 DEBUG (RecipeController.java:39) - Appel de la méthode: showAllRecipes() via url: /getRecipes
31-12-2019 14:53:05,159 DEBUG (RecipeController.java:39) - Appel de la méthode: showAllRecipes() via url: /getRecipes
31-12-2019 15:02:03,357 INFO  (FutureTrackingApplication.java:15) - Démarrage de l'application Future Tracking BackEnd
31-12-2019 15:02:10,208 INFO  (FutureTrackingApplication.java:15) - Démarrage de l'application Future Tracking BackEnd
31-12-2019 15:02:14,251 INFO  (FutureTrackingApplication.java:15) - Démarrage de l'application Future Tracking BackEnd
31-12-2019 15:02:18,918 INFO  (FutureTrackingApplication.java:15) - Démarrage de l'application Future Tracking BackEnd
31-12-2019 15:16:09,991 INFO  (FutureTrackingApplication.java:15) - Démarrage de l'application Future Tracking BackEnd
31-12-2019 15:16:56,481 INFO  (FutureTrackingApplication.java:15) - Démarrage de l'application Future Tracking BackEnd
31-12-2019 15:17:24,273 INFO  (FutureTrackingApplication.java:15) - Démarrage de l'application Future Tracking BackEnd
31-12-2019 15:17:27,547 INFO  (FutureTrackingApplication.java:15) - Démarrage de l'application Future Tracking BackEnd
31-12-2019 15:17:32,516 INFO  (FutureTrackingApplication.java:15) - Démarrage de l'application Future Tracking BackEnd
31-12-2019 15:17:42,747 INFO  (FutureTrackingApplication.java:15) - Démarrage de l'application Future Tracking BackEnd
31-12-2019 15:17:49,203 INFO  (FutureTrackingApplication.java:15) - Démarrage de l'application Future Tracking BackEnd
31-12-2019 15:17:52,087 INFO  (FutureTrackingApplication.java:15) - Démarrage de l'application Future Tracking BackEnd
31-12-2019 15:18:01,752 INFO  (FutureTrackingApplication.java:15) - Démarrage de l'application Future Tracking BackEnd
31-12-2019 15:27:08,297 INFO  (FutureTrackingApplication.java:15) - Démarrage de l'application Future Tracking BackEnd
31-12-2019 15:28:00,524 INFO  (FutureTrackingApplication.java:15) - Démarrage de l'application Future Tracking BackEnd
31-12-2019 15:28:20,590 INFO  (FutureTrackingApplication.java:15) - Démarrage de l'application Future Tracking BackEnd
31-12-2019 15:29:03,034 INFO  (FutureTrackingApplication.java:15) - Démarrage de l'application Future Tracking BackEnd
31-12-2019 15:29:46,441 INFO  (FutureTrackingApplication.java:15) - Démarrage de l'application Future Tracking BackEnd
31-12-2019 15:30:09,736 INFO  (FutureTrackingApplication.java:15) - Démarrage de l'application Future Tracking BackEnd
31-12-2019 15:30:18,974 INFO  (FutureTrackingApplication.java:15) - Démarrage de l'application Future Tracking BackEnd
31-12-2019 15:30:54,051 INFO  (FutureTrackingApplication.java:15) - Démarrage de l'application Future Tracking BackEnd
31-12-2019 15:30:59,758 INFO  (FutureTrackingApplication.java:15) - Démarrage de l'application Future Tracking BackEnd
01-01-2020 18:54:40,103 INFO  (FutureTrackingApplication.java:15) - Démarrage de l'application Future Tracking BackEnd
01-01-2020 18:54:41,382 INFO  (FutureTrackingApplication.java:15) - Démarrage de l'application Future Tracking BackEnd
01-01-2020 18:58:41,582 DEBUG (RecipeController.java:39) - Appel de la méthode: showAllRecipes() via url: /getRecipes
01-01-2020 19:27:19,582 INFO  (FutureTrackingApplication.java:15) - Démarrage de l'application Future Tracking BackEnd
01-01-2020 19:27:33,179 DEBUG (RecipeController.java:43) - Appel de la méthode: showAllRecipes() via url: /getRecipes
01-01-2020 19:27:36,605 DEBUG (RecipeController.java:63) - Appel de la méthode: showRecipeById(Integer idRecipe) via url: /getRecipes/1
01-01-2020 19:27:55,449 INFO  (FutureTrackingApplication.java:15) - Démarrage de l'application Future Tracking BackEnd
01-01-2020 19:27:58,446 DEBUG (RecipeController.java:63) - Appel de la méthode: showRecipeById(Integer idRecipe) via url: /getRecipes/1
01-01-2020 19:53:03,058 INFO  (FutureTrackingApplication.java:15) - Démarrage de l'application Future Tracking BackEnd
01-01-2020 20:13:46,683 INFO  (FutureTrackingApplication.java:15) - Démarrage de l'application Future Tracking BackEnd
01-01-2020 20:19:43,344 INFO  (FutureTrackingApplication.java:15) - Démarrage de l'application Future Tracking BackEnd
01-01-2020 20:24:04,674 INFO  (FutureTrackingApplication.java:15) - Démarrage de l'application Future Tracking BackEnd
01-01-2020 20:24:13,018 INFO  (FutureTrackingApplication.java:15) - Démarrage de l'application Future Tracking BackEnd
01-01-2020 20:24:22,204 INFO  (FutureTrackingApplication.java:15) - Démarrage de l'application Future Tracking BackEnd
01-01-2020 20:24:31,085 INFO  (FutureTrackingApplication.java:15) - Démarrage de l'application Future Tracking BackEnd
01-01-2020 20:26:52,611 INFO  (FutureTrackingApplication.java:15) - Démarrage de l'application Future Tracking BackEnd
01-01-2020 20:27:29,698 INFO  (FutureTrackingApplication.java:15) - Démarrage de l'application Future Tracking BackEnd
01-01-2020 20:28:32,288 INFO  (FutureTrackingApplication.java:15) - Démarrage de l'application Future Tracking BackEnd
01-01-2020 20:28:38,855 DEBUG (RecipeController.java:69) - Appel de la méthode: showRecipeById(Integer idRecipe) via url: /getRecipes/1
01-01-2020 20:29:25,277 INFO  (FutureTrackingApplication.java:15) - Démarrage de l'application Future Tracking BackEnd
01-01-2020 20:30:11,878 DEBUG (RecipeController.java:69) - Appel de la méthode: showRecipeById(Integer idRecipe) via url: /getRecipes/1
01-01-2020 20:30:21,381 DEBUG (RecipeController.java:69) - Appel de la méthode: showRecipeById(Integer idRecipe) via url: /getRecipes/1
01-01-2020 20:30:27,795 DEBUG (RecipeController.java:69) - Appel de la méthode: showRecipeById(Integer idRecipe) via url: /getRecipes/2
01-01-2020 20:30:44,133 DEBUG (RecipeController.java:69) - Appel de la méthode: showRecipeById(Integer idRecipe) via url: /getRecipes/3
01-01-2020 20:32:39,727 INFO  (FutureTrackingApplication.java:15) - Démarrage de l'application Future Tracking BackEnd
01-01-2020 20:32:42,845 DEBUG (RecipeController.java:69) - Appel de la méthode: showRecipeById(Integer idRecipe) via url: /getRecipes/3
01-01-2020 20:32:47,989 DEBUG (RecipeController.java:69) - Appel de la méthode: showRecipeById(Integer idRecipe) via url: /getRecipes/3
01-01-2020 21:03:45,492 INFO  (FutureTrackingApplication.java:15) - Démarrage de l'application Future Tracking BackEnd
01-01-2020 21:03:53,680 DEBUG (RecipeController.java:69) - Appel de la méthode: showRecipeById(Integer idRecipe) via url: /getRecipes/3
01-01-2020 21:03:54,405 DEBUG (RecipeController.java:69) - Appel de la méthode: showRecipeById(Integer idRecipe) via url: /getRecipes/3
01-01-2020 21:03:59,644 DEBUG (RecipeController.java:69) - Appel de la méthode: showRecipeById(Integer idRecipe) via url: /getRecipes/3
01-01-2020 21:05:06,544 INFO  (FutureTrackingApplication.java:15) - Démarrage de l'application Future Tracking BackEnd
01-01-2020 21:05:21,217 DEBUG (RecipeController.java:69) - Appel de la méthode: showRecipeById(Integer idRecipe) via url: /getRecipes/3
01-01-2020 21:05:34,450 INFO  (FutureTrackingApplication.java:15) - Démarrage de l'application Future Tracking BackEnd
01-01-2020 21:05:36,594 DEBUG (RecipeController.java:69) - Appel de la méthode: showRecipeById(Integer idRecipe) via url: /getRecipes/3
01-01-2020 22:11:13,472 DEBUG (RecipeController.java:69) - Appel de la méthode: showRecipeById(Integer idRecipe) via url: /getRecipes/3
01-01-2020 22:16:04,209 INFO  (FutureTrackingApplication.java:15) - Démarrage de l'application Future Tracking BackEnd
01-01-2020 22:16:15,084 DEBUG (RecipeController.java:69) - Appel de la méthode: showRecipeById(Integer idRecipe) via url: /getRecipes/3
01-01-2020 22:18:14,809 DEBUG (RecipeController.java:50) - Appel de la méthode: showAllRecipes() via url: /getRecipes
01-01-2020 22:18:25,233 DEBUG (RecipeController.java:50) - Appel de la méthode: showAllRecipes() via url: /getRecipes
01-01-2020 22:19:38,091 INFO  (FutureTrackingApplication.java:15) - Démarrage de l'application Future Tracking BackEnd
01-01-2020 22:19:39,687 DEBUG (RecipeController.java:69) - Appel de la méthode: showRecipeById(Integer idRecipe) via url: /getRecipes/3
01-01-2020 22:19:46,329 DEBUG (RecipeController.java:69) - Appel de la méthode: showRecipeById(Integer idRecipe) via url: /getRecipes/3
01-01-2020 22:24:10,644 INFO  (FutureTrackingApplication.java:15) - Démarrage de l'application Future Tracking BackEnd
01-01-2020 22:24:16,567 DEBUG (RecipeController.java:69) - Appel de la méthode: showRecipeById(Integer idRecipe) via url: /getRecipes/3
01-01-2020 22:24:16,868 DEBUG (Recipe.java:70) - getName()
01-01-2020 22:24:21,860 DEBUG (RecipeController.java:69) - Appel de la méthode: showRecipeById(Integer idRecipe) via url: /getRecipes/3
01-01-2020 22:24:22,440 DEBUG (Recipe.java:70) - getName()
01-01-2020 22:27:21,932 DEBUG (RecipeController.java:69) - Appel de la méthode: showRecipeById(Integer idRecipe) via url: /getRecipes/3
01-01-2020 22:27:23,001 DEBUG (Recipe.java:70) - getName()
01-01-2020 22:27:28,990 DEBUG (RecipeController.java:69) - Appel de la méthode: showRecipeById(Integer idRecipe) via url: /getRecipes/3
01-01-2020 22:27:29,145 DEBUG (Recipe.java:70) - getName()
01-01-2020 22:31:19,157 INFO  (FutureTrackingApplication.java:15) - Démarrage de l'application Future Tracking BackEnd
01-01-2020 22:31:28,493 INFO  (FutureTrackingApplication.java:15) - Démarrage de l'application Future Tracking BackEnd
01-01-2020 22:31:32,675 DEBUG (RecipeController.java:69) - Appel de la méthode: showRecipeById(Integer idRecipe) via url: /getRecipes/3
01-01-2020 22:31:33,012 DEBUG (Recipe.java:70) - getName()
01-01-2020 22:31:40,130 DEBUG (RecipeController.java:69) - Appel de la méthode: showRecipeById(Integer idRecipe) via url: /getRecipes/3
01-01-2020 22:31:40,411 DEBUG (Recipe.java:70) - getName()
01-01-2020 22:33:16,318 DEBUG (RecipeController.java:50) - Appel de la méthode: showAllRecipes() via url: /getRecipes
01-01-2020 22:33:18,607 DEBUG (RecipeController.java:69) - Appel de la méthode: showRecipeById(Integer idRecipe) via url: /getRecipes/1
01-01-2020 22:33:19,113 DEBUG (Recipe.java:70) - getName()
01-01-2020 22:33:51,448 INFO  (FutureTrackingApplication.java:15) - Démarrage de l'application Future Tracking BackEnd
01-01-2020 22:34:33,815 INFO  (FutureTrackingApplication.java:15) - Démarrage de l'application Future Tracking BackEnd
01-01-2020 22:34:40,880 DEBUG (RecipeController.java:50) - Appel de la méthode: showAllRecipes() via url: /getRecipes
01-01-2020 22:34:47,107 DEBUG (RecipeController.java:69) - Appel de la méthode: RecipeByIdExportToPDF(Integer idRecipe) via url: /getRecipes/1
01-01-2020 22:34:47,434 DEBUG (Recipe.java:70) - getName()
01-01-2020 22:35:12,475 INFO  (FutureTrackingApplication.java:15) - Démarrage de l'application Future Tracking BackEnd
01-01-2020 22:35:15,202 DEBUG (RecipeController.java:69) - Appel de la méthode: RecipeByIdExportToPDF(Integer idRecipe) via url: /getRecipes/1
01-01-2020 22:35:15,550 DEBUG (Recipe.java:70) - getName()
01-01-2020 22:35:19,671 DEBUG (RecipeController.java:69) - Appel de la méthode: RecipeByIdExportToPDF(Integer idRecipe) via url: /getRecipes/1
01-01-2020 22:35:19,848 DEBUG (Recipe.java:70) - getName()
01-01-2020 22:35:23,607 DEBUG (RecipeController.java:50) - Appel de la méthode: showAllRecipes() via url: /getRecipes
01-01-2020 22:35:38,610 DEBUG (RecipeController.java:69) - Appel de la méthode: RecipeByIdExportToPDF(Integer idRecipe) via url: /getRecipes/1
01-01-2020 22:35:38,861 DEBUG (Recipe.java:70) - getName()
01-01-2020 22:36:21,071 DEBUG (RecipeController.java:69) - Appel de la méthode: RecipeByIdExportToPDF(Integer idRecipe) via url: /getRecipes/1
01-01-2020 22:36:21,286 DEBUG (Recipe.java:70) - getName()
01-01-2020 22:36:55,013 DEBUG (RecipeController.java:69) - Appel de la méthode: RecipeByIdExportToPDF(Integer idRecipe) via url: /getRecipes/1
01-01-2020 22:36:55,259 DEBUG (Recipe.java:70) - getName()
01-01-2020 22:37:19,956 DEBUG (RecipeController.java:69) - Appel de la méthode: RecipeByIdExportToPDF(Integer idRecipe) via url: /getRecipes/1
01-01-2020 22:37:20,130 DEBUG (Recipe.java:70) - getName()
01-01-2020 22:37:53,997 INFO  (FutureTrackingApplication.java:15) - Démarrage de l'application Future Tracking BackEnd
01-01-2020 22:38:03,931 INFO  (FutureTrackingApplication.java:15) - Démarrage de l'application Future Tracking BackEnd
01-01-2020 22:38:26,837 DEBUG (RecipeController.java:69) - Appel de la méthode: RecipeByIdExportToPDF(Integer idRecipe) via url: /getRecipes/1
01-01-2020 22:38:27,080 DEBUG (Recipe.java:70) - getName()
01-01-2020 22:39:11,727 DEBUG (RecipeController.java:50) - Appel de la méthode: showAllRecipes() via url: /getRecipes
01-01-2020 22:39:37,046 DEBUG (RecipeController.java:50) - Appel de la méthode: showAllRecipes() via url: /getRecipes
01-01-2020 22:40:32,668 DEBUG (RecipeController.java:69) - Appel de la méthode: RecipeByIdExportToPDF(Integer idRecipe) via url: /getRecipes/2
01-01-2020 22:40:33,468 DEBUG (Recipe.java:70) - getName()
01-01-2020 22:46:48,816 DEBUG (RecipeController.java:50) - Appel de la méthode: showAllRecipes() via url: /getRecipes
01-01-2020 22:47:02,850 DEBUG (RecipeController.java:69) - Appel de la méthode: RecipeByIdExportToPDF(Integer idRecipe) via url: /getRecipes/1
01-01-2020 22:47:03,423 DEBUG (Recipe.java:70) - getName()
01-01-2020 22:54:11,592 DEBUG (RecipeController.java:50) - Appel de la méthode: showAllRecipes() via url: /getRecipes
01-01-2020 22:54:27,025 DEBUG (RecipeController.java:50) - Appel de la méthode: showAllRecipes() via url: /getRecipes
01-01-2020 22:54:59,978 DEBUG (RecipeController.java:69) - Appel de la méthode: RecipeByIdExportToPDF(Integer idRecipe) via url: /getRecipes/1
01-01-2020 22:55:00,921 DEBUG (Recipe.java:70) - getName()
01-01-2020 22:55:27,320 DEBUG (RecipeController.java:50) - Appel de la méthode: showAllRecipes() via url: /getRecipes
01-01-2020 22:55:33,514 DEBUG (RecipeController.java:50) - Appel de la méthode: showAllRecipes() via url: /getRecipes
01-01-2020 22:55:38,258 DEBUG (RecipeController.java:50) - Appel de la méthode: showAllRecipes() via url: /getRecipes
01-01-2020 22:56:18,994 DEBUG (RecipeController.java:50) - Appel de la méthode: showAllRecipes() via url: /getRecipes
01-01-2020 22:56:24,867 DEBUG (RecipeController.java:50) - Appel de la méthode: showAllRecipes() via url: /getRecipes
01-01-2020 22:56:41,156 DEBUG (RecipeController.java:50) - Appel de la méthode: showAllRecipes() via url: /getRecipes
01-01-2020 22:56:52,240 DEBUG (RecipeController.java:50) - Appel de la méthode: showAllRecipes() via url: /getRecipes
01-01-2020 22:57:02,855 DEBUG (RecipeController.java:50) - Appel de la méthode: showAllRecipes() via url: /getRecipes
01-01-2020 22:58:20,077 DEBUG (RecipeController.java:50) - Appel de la méthode: showAllRecipes() via url: /getRecipes
01-01-2020 22:58:56,637 DEBUG (RecipeController.java:50) - Appel de la méthode: showAllRecipes() via url: /getRecipes
01-01-2020 22:59:23,886 DEBUG (RecipeController.java:50) - Appel de la méthode: showAllRecipes() via url: /getRecipes
01-01-2020 22:59:45,757 DEBUG (RecipeController.java:69) - Appel de la méthode: RecipeByIdExportToPDF(Integer idRecipe) via url: /getRecipes/1
01-01-2020 22:59:46,524 DEBUG (Recipe.java:70) - getName()
01-01-2020 23:00:21,287 DEBUG (RecipeController.java:50) - Appel de la méthode: showAllRecipes() via url: /getRecipes
01-01-2020 23:00:24,069 DEBUG (RecipeController.java:69) - Appel de la méthode: RecipeByIdExportToPDF(Integer idRecipe) via url: /getRecipes/1
01-01-2020 23:00:26,208 DEBUG (Recipe.java:70) - getName()
01-01-2020 23:03:13,890 DEBUG (RecipeController.java:50) - Appel de la méthode: showAllRecipes() via url: /getRecipes
01-01-2020 23:03:19,198 DEBUG (RecipeController.java:50) - Appel de la méthode: showAllRecipes() via url: /getRecipes
01-01-2020 23:03:30,255 DEBUG (RecipeController.java:50) - Appel de la méthode: showAllRecipes() via url: /getRecipes
01-01-2020 23:03:31,982 DEBUG (RecipeController.java:69) - Appel de la méthode: RecipeByIdExportToPDF(Integer idRecipe) via url: /getRecipes/1
01-01-2020 23:03:32,608 DEBUG (Recipe.java:70) - getName()
01-01-2020 23:04:12,959 DEBUG (RecipeController.java:69) - Appel de la méthode: RecipeByIdExportToPDF(Integer idRecipe) via url: /getRecipes/1
01-01-2020 23:04:13,781 DEBUG (Recipe.java:70) - getName()
01-01-2020 23:04:15,231 DEBUG (RecipeController.java:69) - Appel de la méthode: RecipeByIdExportToPDF(Integer idRecipe) via url: /getRecipes/1
01-01-2020 23:04:15,336 DEBUG (Recipe.java:70) - getName()
01-01-2020 23:06:12,145 DEBUG (RecipeController.java:50) - Appel de la méthode: showAllRecipes() via url: /getRecipes
01-01-2020 23:06:18,220 DEBUG (RecipeController.java:69) - Appel de la méthode: RecipeByIdExportToPDF(Integer idRecipe) via url: /getRecipes/1
01-01-2020 23:06:18,810 DEBUG (Recipe.java:70) - getName()
01-01-2020 23:08:31,789 DEBUG (RecipeController.java:50) - Appel de la méthode: showAllRecipes() via url: /getRecipes
01-01-2020 23:08:35,155 DEBUG (RecipeController.java:50) - Appel de la méthode: showAllRecipes() via url: /getRecipes
01-01-2020 23:08:38,137 DEBUG (RecipeController.java:69) - Appel de la méthode: RecipeByIdExportToPDF(Integer idRecipe) via url: /getRecipes/1
01-01-2020 23:08:38,644 DEBUG (Recipe.java:70) - getName()
01-01-2020 23:08:55,392 DEBUG (RecipeController.java:69) - Appel de la méthode: RecipeByIdExportToPDF(Integer idRecipe) via url: /getRecipes/1
01-01-2020 23:08:55,583 DEBUG (Recipe.java:70) - getName()
01-01-2020 23:09:51,252 DEBUG (RecipeController.java:50) - Appel de la méthode: showAllRecipes() via url: /getRecipes
01-01-2020 23:10:11,425 DEBUG (RecipeController.java:50) - Appel de la méthode: showAllRecipes() via url: /getRecipes
01-01-2020 23:15:38,803 DEBUG (RecipeController.java:50) - Appel de la méthode: showAllRecipes() via url: /getRecipes
01-01-2020 23:16:19,392 DEBUG (RecipeController.java:50) - Appel de la méthode: showAllRecipes() via url: /getRecipes
01-01-2020 23:25:39,352 DEBUG (RecipeController.java:50) - Appel de la méthode: showAllRecipes() via url: /getRecipes
01-01-2020 23:25:42,388 DEBUG (RecipeController.java:69) - Appel de la méthode: RecipeByIdExportToPDF(Integer idRecipe) via url: /getRecipes/1
01-01-2020 23:25:43,407 DEBUG (Recipe.java:70) - getName()
01-01-2020 23:26:05,653 DEBUG (RecipeController.java:50) - Appel de la méthode: showAllRecipes() via url: /getRecipes
01-01-2020 23:26:10,254 DEBUG (RecipeController.java:50) - Appel de la méthode: showAllRecipes() via url: /getRecipes
01-01-2020 23:26:18,704 DEBUG (RecipeController.java:50) - Appel de la méthode: showAllRecipes() via url: /getRecipes
01-01-2020 23:26:19,648 DEBUG (RecipeController.java:69) - Appel de la méthode: RecipeByIdExportToPDF(Integer idRecipe) via url: /getRecipes/1
01-01-2020 23:26:20,345 DEBUG (Recipe.java:70) - getName()
01-01-2020 23:29:34,082 DEBUG (RecipeController.java:69) - Appel de la méthode: RecipeByIdExportToPDF(Integer idRecipe) via url: /getRecipes/1
01-01-2020 23:29:34,464 DEBUG (Recipe.java:70) - getName()
01-01-2020 23:31:06,192 DEBUG (RecipeController.java:50) - Appel de la méthode: showAllRecipes() via url: /getRecipes
01-01-2020 23:31:07,243 DEBUG (RecipeController.java:69) - Appel de la méthode: RecipeByIdExportToPDF(Integer idRecipe) via url: /getRecipes/1
01-01-2020 23:31:09,283 DEBUG (Recipe.java:70) - getName()
01-01-2020 23:34:08,708 DEBUG (RecipeController.java:50) - Appel de la méthode: showAllRecipes() via url: /getRecipes
01-01-2020 23:34:09,996 DEBUG (RecipeController.java:69) - Appel de la méthode: RecipeByIdExportToPDF(Integer idRecipe) via url: /getRecipes/1
01-01-2020 23:34:11,861 DEBUG (Recipe.java:70) - getName()
01-01-2020 23:37:44,941 DEBUG (RecipeController.java:50) - Appel de la méthode: showAllRecipes() via url: /getRecipes
01-01-2020 23:37:46,785 DEBUG (RecipeController.java:69) - Appel de la méthode: RecipeByIdExportToPDF(Integer idRecipe) via url: /getRecipes/1
01-01-2020 23:37:47,442 DEBUG (Recipe.java:70) - getName()
01-01-2020 23:37:56,820 DEBUG (RecipeController.java:69) - Appel de la méthode: RecipeByIdExportToPDF(Integer idRecipe) via url: /getRecipes/1
01-01-2020 23:37:56,985 DEBUG (Recipe.java:70) - getName()
01-01-2020 23:40:54,622 DEBUG (RecipeController.java:50) - Appel de la méthode: showAllRecipes() via url: /getRecipes
01-01-2020 23:40:56,260 DEBUG (RecipeController.java:69) - Appel de la méthode: RecipeByIdExportToPDF(Integer idRecipe) via url: /getRecipes/1
01-01-2020 23:40:57,164 DEBUG (Recipe.java:70) - getName()
01-01-2020 23:41:33,211 DEBUG (RecipeController.java:50) - Appel de la méthode: showAllRecipes() via url: /getRecipes
01-01-2020 23:41:34,565 DEBUG (RecipeController.java:69) - Appel de la méthode: RecipeByIdExportToPDF(Integer idRecipe) via url: /getRecipes/1
01-01-2020 23:41:34,761 DEBUG (Recipe.java:70) - getName()
01-01-2020 23:41:52,011 DEBUG (RecipeController.java:50) - Appel de la méthode: showAllRecipes() via url: /getRecipes
01-01-2020 23:41:55,123 DEBUG (RecipeController.java:50) - Appel de la méthode: showAllRecipes() via url: /getRecipes
01-01-2020 23:42:00,501 DEBUG (RecipeController.java:50) - Appel de la méthode: showAllRecipes() via url: /getRecipes
01-01-2020 23:42:03,648 DEBUG (RecipeController.java:69) - Appel de la méthode: RecipeByIdExportToPDF(Integer idRecipe) via url: /getRecipes/1
01-01-2020 23:42:03,849 DEBUG (Recipe.java:70) - getName()
01-01-2020 23:42:27,494 DEBUG (RecipeController.java:50) - Appel de la méthode: showAllRecipes() via url: /getRecipes
01-01-2020 23:42:42,385 DEBUG (RecipeController.java:50) - Appel de la méthode: showAllRecipes() via url: /getRecipes
01-01-2020 23:42:43,948 DEBUG (RecipeController.java:69) - Appel de la méthode: RecipeByIdExportToPDF(Integer idRecipe) via url: /getRecipes/1
01-01-2020 23:42:44,429 DEBUG (Recipe.java:70) - getName()
01-01-2020 23:44:10,836 DEBUG (RecipeController.java:50) - Appel de la méthode: showAllRecipes() via url: /getRecipes
01-01-2020 23:44:12,272 DEBUG (RecipeController.java:69) - Appel de la méthode: RecipeByIdExportToPDF(Integer idRecipe) via url: /getRecipes/1
01-01-2020 23:44:12,563 DEBUG (Recipe.java:70) - getName()
01-01-2020 23:44:32,525 DEBUG (RecipeController.java:50) - Appel de la méthode: showAllRecipes() via url: /getRecipes
01-01-2020 23:45:26,424 DEBUG (RecipeController.java:69) - Appel de la méthode: RecipeByIdExportToPDF(Integer idRecipe) via url: /getRecipes/1
01-01-2020 23:45:27,076 DEBUG (Recipe.java:70) - getName()
01-01-2020 23:45:31,814 DEBUG (RecipeController.java:69) - Appel de la méthode: RecipeByIdExportToPDF(Integer idRecipe) via url: /getRecipes/2
01-01-2020 23:45:31,991 DEBUG (Recipe.java:70) - getName()
01-01-2020 23:48:01,097 DEBUG (RecipeController.java:50) - Appel de la méthode: showAllRecipes() via url: /getRecipes
01-01-2020 23:48:04,617 DEBUG (RecipeController.java:69) - Appel de la méthode: RecipeByIdExportToPDF(Integer idRecipe) via url: /getRecipes/1
01-01-2020 23:48:05,783 DEBUG (Recipe.java:70) - getName()
01-01-2020 23:48:16,043 DEBUG (RecipeController.java:69) - Appel de la méthode: RecipeByIdExportToPDF(Integer idRecipe) via url: /getRecipes/1
01-01-2020 23:48:16,392 DEBUG (Recipe.java:70) - getName()
01-01-2020 23:48:51,574 DEBUG (RecipeController.java:50) - Appel de la méthode: showAllRecipes() via url: /getRecipes
01-01-2020 23:48:53,847 DEBUG (RecipeController.java:69) - Appel de la méthode: RecipeByIdExportToPDF(Integer idRecipe) via url: /getRecipes/1
01-01-2020 23:48:54,488 DEBUG (Recipe.java:70) - getName()
01-01-2020 23:49:07,372 DEBUG (RecipeController.java:69) - Appel de la méthode: RecipeByIdExportToPDF(Integer idRecipe) via url: /getRecipes/2
01-01-2020 23:49:07,509 DEBUG (Recipe.java:70) - getName()
01-01-2020 23:49:12,053 DEBUG (RecipeController.java:69) - Appel de la méthode: RecipeByIdExportToPDF(Integer idRecipe) via url: /getRecipes/6
01-01-2020 23:49:12,221 DEBUG (Recipe.java:70) - getName()
01-01-2020 23:52:26,522 DEBUG (RecipeController.java:50) - Appel de la méthode: showAllRecipes() via url: /getRecipes
01-01-2020 23:52:28,111 DEBUG (RecipeController.java:69) - Appel de la méthode: RecipeByIdExportToPDF(Integer idRecipe) via url: /getRecipes/1
01-01-2020 23:52:28,517 DEBUG (Recipe.java:70) - getName()
01-01-2020 23:53:59,376 DEBUG (RecipeController.java:50) - Appel de la méthode: showAllRecipes() via url: /getRecipes
01-01-2020 23:55:24,484 DEBUG (RecipeController.java:69) - Appel de la méthode: RecipeByIdExportToPDF(Integer idRecipe) via url: /getRecipes/3
01-01-2020 23:55:25,457 DEBUG (Recipe.java:70) - getName()
01-01-2020 23:55:29,854 DEBUG (RecipeController.java:69) - Appel de la méthode: RecipeByIdExportToPDF(Integer idRecipe) via url: /getRecipes/3
01-01-2020 23:55:29,987 DEBUG (Recipe.java:70) - getName()
01-01-2020 23:57:46,648 DEBUG (RecipeController.java:69) - Appel de la méthode: RecipeByIdExportToPDF(Integer idRecipe) via url: /getRecipes/1
01-01-2020 23:57:47,205 DEBUG (Recipe.java:70) - getName()
01-01-2020 23:59:06,576 DEBUG (RecipeController.java:50) - Appel de la méthode: showAllRecipes() via url: /getRecipes
02-01-2020 00:04:48,328 DEBUG (RecipeController.java:50) - Appel de la méthode: showAllRecipes() via url: /getRecipes
02-01-2020 00:04:50,396 DEBUG (RecipeController.java:69) - Appel de la méthode: RecipeByIdExportToPDF(Integer idRecipe) via url: /getRecipes/1
02-01-2020 00:04:51,289 DEBUG (Recipe.java:70) - getName()
02-01-2020 00:05:40,564 DEBUG (RecipeController.java:50) - Appel de la méthode: showAllRecipes() via url: /getRecipes
02-01-2020 00:05:41,697 DEBUG (RecipeController.java:69) - Appel de la méthode: RecipeByIdExportToPDF(Integer idRecipe) via url: /getRecipes/1
02-01-2020 00:05:42,067 DEBUG (Recipe.java:70) - getName()
02-01-2020 00:06:23,733 DEBUG (RecipeController.java:50) - Appel de la méthode: showAllRecipes() via url: /getRecipes
02-01-2020 00:06:31,625 DEBUG (RecipeController.java:69) - Appel de la méthode: RecipeByIdExportToPDF(Integer idRecipe) via url: /getRecipes/1
02-01-2020 00:06:32,054 DEBUG (Recipe.java:70) - getName()
02-01-2020 00:06:55,256 DEBUG (RecipeController.java:50) - Appel de la méthode: showAllRecipes() via url: /getRecipes
02-01-2020 00:06:55,993 DEBUG (RecipeController.java:69) - Appel de la méthode: RecipeByIdExportToPDF(Integer idRecipe) via url: /getRecipes/1
02-01-2020 00:06:56,124 DEBUG (Recipe.java:70) - getName()
02-01-2020 00:08:27,128 DEBUG (RecipeController.java:69) - Appel de la méthode: RecipeByIdExportToPDF(Integer idRecipe) via url: /getRecipes/2
02-01-2020 00:08:27,919 DEBUG (Recipe.java:70) - getName()
02-01-2020 00:12:33,202 DEBUG (RecipeController.java:50) - Appel de la méthode: showAllRecipes() via url: /getRecipes
02-01-2020 00:13:01,094 DEBUG (RecipeController.java:50) - Appel de la méthode: showAllRecipes() via url: /getRecipes
02-01-2020 00:16:00,100 DEBUG (RecipeController.java:50) - Appel de la méthode: showAllRecipes() via url: /getRecipes
02-01-2020 00:16:01,803 DEBUG (RecipeController.java:69) - Appel de la méthode: RecipeByIdExportToPDF(Integer idRecipe) via url: /getRecipes/1
02-01-2020 00:16:04,652 DEBUG (Recipe.java:70) - getName()
02-01-2020 00:16:24,859 DEBUG (RecipeController.java:50) - Appel de la méthode: showAllRecipes() via url: /getRecipes
02-01-2020 00:16:26,222 DEBUG (RecipeController.java:69) - Appel de la méthode: RecipeByIdExportToPDF(Integer idRecipe) via url: /getRecipes/1
02-01-2020 00:16:26,691 DEBUG (Recipe.java:70) - getName()
02-01-2020 00:16:40,977 DEBUG (RecipeController.java:50) - Appel de la méthode: showAllRecipes() via url: /getRecipes
02-01-2020 00:18:38,306 DEBUG (RecipeController.java:50) - Appel de la méthode: showAllRecipes() via url: /getRecipes
02-01-2020 00:19:09,144 DEBUG (RecipeController.java:50) - Appel de la méthode: showAllRecipes() via url: /getRecipes
02-01-2020 00:19:13,905 DEBUG (RecipeController.java:69) - Appel de la méthode: RecipeByIdExportToPDF(Integer idRecipe) via url: /getRecipes/1
02-01-2020 00:19:14,831 DEBUG (Recipe.java:70) - getName()
02-01-2020 00:19:19,418 DEBUG (RecipeController.java:50) - Appel de la méthode: showAllRecipes() via url: /getRecipes
02-01-2020 00:19:57,239 DEBUG (RecipeController.java:50) - Appel de la méthode: showAllRecipes() via url: /getRecipes
02-01-2020 00:19:58,267 DEBUG (RecipeController.java:69) - Appel de la méthode: RecipeByIdExportToPDF(Integer idRecipe) via url: /getRecipes/1
02-01-2020 00:19:58,682 DEBUG (Recipe.java:70) - getName()
02-01-2020 00:20:10,343 DEBUG (RecipeController.java:50) - Appel de la méthode: showAllRecipes() via url: /getRecipes
02-01-2020 00:20:48,062 DEBUG (RecipeController.java:50) - Appel de la méthode: showAllRecipes() via url: /getRecipes
02-01-2020 00:20:49,696 DEBUG (RecipeController.java:69) - Appel de la méthode: RecipeByIdExportToPDF(Integer idRecipe) via url: /getRecipes/1
02-01-2020 00:20:50,140 DEBUG (Recipe.java:70) - getName()
02-01-2020 00:20:58,437 DEBUG (RecipeController.java:50) - Appel de la méthode: showAllRecipes() via url: /getRecipes
02-01-2020 09:14:51,914 INFO  (FutureTrackingApplication.java:15) - Démarrage de l'application Future Tracking BackEnd
02-01-2020 09:14:52,874 INFO  (FutureTrackingApplication.java:15) - Démarrage de l'application Future Tracking BackEnd
02-01-2020 09:36:45,523 INFO  (FutureTrackingApplication.java:15) - Démarrage de l'application Future Tracking BackEnd
02-01-2020 09:36:46,380 INFO  (FutureTrackingApplication.java:15) - Démarrage de l'application Future Tracking BackEnd
02-01-2020 09:52:24,290 INFO  (FutureTrackingApplication.java:15) - Démarrage de l'application Future Tracking BackEnd
02-01-2020 09:52:25,108 INFO  (FutureTrackingApplication.java:15) - Démarrage de l'application Future Tracking BackEnd
02-01-2020 09:55:42,245 INFO  (FutureTrackingApplication.java:15) - Démarrage de l'application Future Tracking BackEnd
02-01-2020 09:58:37,769 DEBUG (RecipeController.java:69) - Appel de la méthode: RecipeByIdExportToPDF(Integer idRecipe) via url: /getRecipes/3
02-01-2020 09:58:45,374 DEBUG (Recipe.java:70) - getName()
02-01-2020 10:02:28,559 DEBUG (RecipeController.java:50) - Appel de la méthode: showAllRecipes() via url: /getRecipes
02-01-2020 10:02:34,578 DEBUG (RecipeController.java:69) - Appel de la méthode: RecipeByIdExportToPDF(Integer idRecipe) via url: /getRecipes/1
02-01-2020 10:02:35,809 DEBUG (Recipe.java:70) - getName()
02-01-2020 10:02:45,518 DEBUG (RecipeController.java:69) - Appel de la méthode: RecipeByIdExportToPDF(Integer idRecipe) via url: /getRecipes/2
02-01-2020 10:02:46,105 DEBUG (Recipe.java:70) - getName()
02-01-2020 10:03:04,111 DEBUG (RecipeController.java:69) - Appel de la méthode: RecipeByIdExportToPDF(Integer idRecipe) via url: /getRecipes/3
02-01-2020 10:03:04,681 DEBUG (Recipe.java:70) - getName()
02-01-2020 10:03:23,291 DEBUG (RecipeController.java:69) - Appel de la méthode: RecipeByIdExportToPDF(Integer idRecipe) via url: /getRecipes/3
02-01-2020 10:03:23,625 DEBUG (Recipe.java:70) - getName()
02-01-2020 10:04:30,230 DEBUG (RecipeController.java:50) - Appel de la méthode: showAllRecipes() via url: /getRecipes
02-01-2020 10:04:32,374 DEBUG (RecipeController.java:69) - Appel de la méthode: RecipeByIdExportToPDF(Integer idRecipe) via url: /getRecipes/1
02-01-2020 10:04:33,370 DEBUG (Recipe.java:70) - getName()
02-01-2020 10:52:13,175 DEBUG (RecipeController.java:50) - Appel de la méthode: showAllRecipes() via url: /getRecipes
02-01-2020 10:52:15,019 DEBUG (RecipeController.java:69) - Appel de la méthode: RecipeByIdExportToPDF(Integer idRecipe) via url: /getRecipes/1
02-01-2020 10:52:16,144 DEBUG (Recipe.java:70) - getName()
02-01-2020 10:52:59,851 DEBUG (RecipeController.java:50) - Appel de la méthode: showAllRecipes() via url: /getRecipes
02-01-2020 10:53:27,298 DEBUG (RecipeController.java:50) - Appel de la méthode: showAllRecipes() via url: /getRecipes
02-01-2020 10:53:29,208 DEBUG (RecipeController.java:69) - Appel de la méthode: RecipeByIdExportToPDF(Integer idRecipe) via url: /getRecipes/1
02-01-2020 10:53:29,745 DEBUG (Recipe.java:70) - getName()
02-01-2020 10:53:31,485 DEBUG (RecipeController.java:69) - Appel de la méthode: RecipeByIdExportToPDF(Integer idRecipe) via url: /getRecipes/1
02-01-2020 10:53:31,647 DEBUG (Recipe.java:70) - getName()
02-01-2020 10:53:48,040 DEBUG (RecipeController.java:69) - Appel de la méthode: RecipeByIdExportToPDF(Integer idRecipe) via url: /getRecipes/3
02-01-2020 10:53:48,204 DEBUG (Recipe.java:70) - getName()
02-01-2020 10:53:49,301 DEBUG (RecipeController.java:69) - Appel de la méthode: RecipeByIdExportToPDF(Integer idRecipe) via url: /getRecipes/3
02-01-2020 10:53:49,548 DEBUG (Recipe.java:70) - getName()
02-01-2020 10:54:59,456 DEBUG (RecipeController.java:50) - Appel de la méthode: showAllRecipes() via url: /getRecipes
02-01-2020 10:59:44,957 INFO  (FutureTrackingApplication.java:15) - Démarrage de l'application Future Tracking BackEnd
02-01-2020 11:01:00,777 INFO  (FutureTrackingApplication.java:15) - Démarrage de l'application Future Tracking BackEnd
02-01-2020 12:38:15,932 INFO  (FutureTrackingApplication.java:15) - Démarrage de l'application Future Tracking BackEnd
02-01-2020 12:38:18,131 INFO  (FutureTrackingApplication.java:15) - Démarrage de l'application Future Tracking BackEnd
02-01-2020 12:38:31,351 DEBUG (RecipeController.java:50) - Appel de la méthode: showAllRecipes() via url: /getRecipes
02-01-2020 12:38:34,886 DEBUG (RecipeController.java:69) - Appel de la méthode: RecipeByIdExportToPDF(Integer idRecipe) via url: /getRecipes/1
02-01-2020 12:38:37,818 DEBUG (Recipe.java:70) - getName()
02-01-2020 12:43:11,129 INFO  (FutureTrackingApplication.java:15) - Démarrage de l'application Future Tracking BackEnd
02-01-2020 12:43:11,578 INFO  (FutureTrackingApplication.java:15) - Démarrage de l'application Future Tracking BackEnd
02-01-2020 12:43:19,447 DEBUG (RecipeController.java:50) - Appel de la méthode: showAllRecipes() via url: /getRecipes
02-01-2020 12:43:22,741 DEBUG (RecipeController.java:69) - Appel de la méthode: RecipeByIdExportToPDF(Integer idRecipe) via url: /getRecipes/1
02-01-2020 12:43:27,133 DEBUG (Recipe.java:70) - getName()
02-01-2020 12:43:28,473 DEBUG (RecipeController.java:69) - Appel de la méthode: RecipeByIdExportToPDF(Integer idRecipe) via url: /getRecipes/1
02-01-2020 12:43:28,631 DEBUG (Recipe.java:70) - getName()
02-01-2020 12:45:17,812 INFO  (FutureTrackingApplication.java:15) - Démarrage de l'application Future Tracking BackEnd
02-01-2020 12:45:26,792 DEBUG (RecipeController.java:69) - Appel de la méthode: RecipeByIdExportToPDF(Integer idRecipe) via url: /getRecipes/1
02-01-2020 12:45:26,837 DEBUG (JasperPDF.java:26) - Appel de la méthode: ExportPDF({"id":1,"name":"Jeanne\u0027s timpani","category":0,"description":"","ingredients":"4 slices of smokeds salmon, 2 zucchini, 3 eggs, 10 cl thick fresh cream, 1 small garlic clove, 1 tablespoon olive oil, dill mint, salt, pepper","person":4,"duration":18,"level":1,"url":"https://assets.afcdn.com/recipe/20140921/15292_w800h600c1cx1224cy1224.jpg"})
02-01-2020 12:45:27,206 DEBUG (Recipe.java:70) - getName()
02-01-2020 12:45:27,207 DEBUG (JasperPDF.java:63) - Appel de la méthode: downloadReport()
02-01-2020 12:45:28,630 DEBUG (RecipeController.java:69) - Appel de la méthode: RecipeByIdExportToPDF(Integer idRecipe) via url: /getRecipes/1
02-01-2020 12:45:28,638 DEBUG (JasperPDF.java:26) - Appel de la méthode: ExportPDF({"id":1,"name":"Jeanne\u0027s timpani","category":0,"description":"","ingredients":"4 slices of smokeds salmon, 2 zucchini, 3 eggs, 10 cl thick fresh cream, 1 small garlic clove, 1 tablespoon olive oil, dill mint, salt, pepper","person":4,"duration":18,"level":1,"url":"https://assets.afcdn.com/recipe/20140921/15292_w800h600c1cx1224cy1224.jpg"})
02-01-2020 12:45:28,788 DEBUG (Recipe.java:70) - getName()
02-01-2020 12:45:28,788 DEBUG (JasperPDF.java:63) - Appel de la méthode: downloadReport()
02-01-2020 12:45:38,603 INFO  (FutureTrackingApplication.java:15) - Démarrage de l'application Future Tracking BackEnd
02-01-2020 12:45:55,443 INFO  (FutureTrackingApplication.java:15) - Démarrage de l'application Future Tracking BackEnd
02-01-2020 12:48:50,290 INFO  (FutureTrackingApplication.java:15) - Démarrage de l'application Future Tracking BackEnd
02-01-2020 12:48:51,615 DEBUG (JasperPDF.java:64) - Appel de la méthode: downloadReport()
02-01-2020 12:48:51,666 DEBUG (JasperPDF.java:26) - Appel de la méthode: ExportPDF({
    "id": 1,
    "name": "Jeanne\u0027s timpani",
    "category": 0,
    "description": "",
    "ingredients": "4 slices of smokeds salmon, 2 zucchini, 3 eggs, 10 cl thick fresh cream, 1 small garlic clove, 1 tablespoon olive oil, dill mint, salt, pepper",
    "person": 4,
    "duration": 18,
    "level": 1,
    "url": "https://assets.afcdn.com/recipe/20140921/15292_w800h600c1cx1224cy1224.jpg"
})
02-01-2020 12:58:06,397 INFO  (FutureTrackingApplication.java:15) - Démarrage de l'application Future Tracking BackEnd
02-01-2020 12:58:07,004 INFO  (FutureTrackingApplication.java:15) - Démarrage de l'application Future Tracking BackEnd
02-01-2020 12:58:19,134 DEBUG (RecipeController.java:50) - Appel de la méthode: showAllRecipes() via url: /getRecipes
02-01-2020 12:58:21,943 DEBUG (RecipeController.java:69) - Appel de la méthode: RecipeByIdExportToPDF(Integer idRecipe) via url: /getRecipes/1
02-01-2020 12:58:21,965 DEBUG (JasperPDF.java:26) - Appel de la méthode: ExportPDF({"id":1,"name":"Jeanne\u0027s timpani","category":0,"description":"","ingredients":"4 slices of smokeds salmon, 2 zucchini, 3 eggs, 10 cl thick fresh cream, 1 small garlic clove, 1 tablespoon olive oil, dill mint, salt, pepper","person":4,"duration":18,"level":1,"url":"https://assets.afcdn.com/recipe/20140921/15292_w800h600c1cx1224cy1224.jpg"})
02-01-2020 12:58:24,883 DEBUG (Recipe.java:70) - getName()
02-01-2020 12:58:24,883 DEBUG (JasperPDF.java:66) - Appel de la méthode: downloadReport()
02-01-2020 12:58:32,744 DEBUG (RecipeController.java:69) - Appel de la méthode: RecipeByIdExportToPDF(Integer idRecipe) via url: /getRecipes/1
02-01-2020 12:58:32,750 DEBUG (JasperPDF.java:26) - Appel de la méthode: ExportPDF({"id":1,"name":"Jeanne\u0027s timpani","category":0,"description":"","ingredients":"4 slices of smokeds salmon, 2 zucchini, 3 eggs, 10 cl thick fresh cream, 1 small garlic clove, 1 tablespoon olive oil, dill mint, salt, pepper","person":4,"duration":18,"level":1,"url":"https://assets.afcdn.com/recipe/20140921/15292_w800h600c1cx1224cy1224.jpg"})
02-01-2020 12:58:32,970 DEBUG (Recipe.java:70) - getName()
02-01-2020 12:58:32,970 DEBUG (JasperPDF.java:66) - Appel de la méthode: downloadReport()
02-01-2020 12:58:58,980 INFO  (FutureTrackingApplication.java:15) - Démarrage de l'application Future Tracking BackEnd
02-01-2020 12:59:06,303 INFO  (FutureTrackingApplication.java:15) - Démarrage de l'application Future Tracking BackEnd
02-01-2020 12:59:12,713 INFO  (FutureTrackingApplication.java:15) - Démarrage de l'application Future Tracking BackEnd
02-01-2020 12:59:24,087 INFO  (FutureTrackingApplication.java:15) - Démarrage de l'application Future Tracking BackEnd
02-01-2020 12:59:26,998 INFO  (FutureTrackingApplication.java:15) - Démarrage de l'application Future Tracking BackEnd
02-01-2020 12:59:28,123 DEBUG (JasperPDF.java:66) - Appel de la méthode: downloadReport()
02-01-2020 12:59:28,161 DEBUG (JasperPDF.java:26) - Appel de la méthode: ExportPDF({
    "id": 1,
    "name": "Jeanne\u0027s timpani",
    "category": 0,
    "description": "",
    "ingredients": "4 slices of smokeds salmon, 2 zucchini, 3 eggs, 10 cl thick fresh cream, 1 small garlic clove, 1 tablespoon olive oil, dill mint, salt, pepper",
    "person": 4,
    "duration": 18,
    "level": 1,
    "url": "https://assets.afcdn.com/recipe/20140921/15292_w800h600c1cx1224cy1224.jpg"
})
02-01-2020 12:59:37,708 INFO  (FutureTrackingApplication.java:15) - Démarrage de l'application Future Tracking BackEnd
02-01-2020 13:03:19,460 INFO  (FutureTrackingApplication.java:15) - Démarrage de l'application Future Tracking BackEnd
02-01-2020 13:19:11,605 INFO  (FutureTrackingApplication.java:15) - Démarrage de l'application Future Tracking BackEnd
02-01-2020 13:23:01,458 INFO  (FutureTrackingApplication.java:15) - Démarrage de l'application Future Tracking BackEnd
02-01-2020 13:23:07,669 INFO  (FutureTrackingApplication.java:15) - Démarrage de l'application Future Tracking BackEnd
02-01-2020 13:23:08,355 INFO  (FutureTrackingApplication.java:15) - Démarrage de l'application Future Tracking BackEnd
02-01-2020 13:23:12,538 DEBUG (RecipeController.java:50) - Appel de la méthode: showAllRecipes() via url: /getRecipes
02-01-2020 13:23:30,390 INFO  (FutureTrackingApplication.java:15) - Démarrage de l'application Future Tracking BackEnd
02-01-2020 13:23:30,828 INFO  (FutureTrackingApplication.java:15) - Démarrage de l'application Future Tracking BackEnd
02-01-2020 13:23:40,780 DEBUG (RecipeController.java:50) - Appel de la méthode: showAllRecipes() via url: /getRecipes
02-01-2020 13:23:42,473 DEBUG (RecipeController.java:69) - Appel de la méthode: RecipeByIdExportToPDF(Integer idRecipe) via url: /getRecipes/1
02-01-2020 13:23:42,602 DEBUG (JasperPDF.java:26) - Appel de la méthode: ExportPDF({"id":1,"name":"Jeanne\u0027s timpani","category":0,"description":"","ingredients":"4 slices of smokeds salmon, 2 zucchini, 3 eggs, 10 cl thick fresh cream, 1 small garlic clove, 1 tablespoon olive oil, dill mint, salt, pepper","person":4,"duration":18,"level":1,"url":"https://assets.afcdn.com/recipe/20140921/15292_w800h600c1cx1224cy1224.jpg"})
02-01-2020 13:23:45,235 DEBUG (Recipe.java:70) - getName()
02-01-2020 13:23:45,236 DEBUG (JasperPDF.java:64) - Appel de la méthode: downloadReport()
02-01-2020 13:23:55,100 DEBUG (RecipeController.java:69) - Appel de la méthode: RecipeByIdExportToPDF(Integer idRecipe) via url: /getRecipes/1
02-01-2020 13:23:55,111 DEBUG (JasperPDF.java:26) - Appel de la méthode: ExportPDF({"id":1,"name":"Jeanne\u0027s timpani","category":0,"description":"","ingredients":"4 slices of smokeds salmon, 2 zucchini, 3 eggs, 10 cl thick fresh cream, 1 small garlic clove, 1 tablespoon olive oil, dill mint, salt, pepper","person":4,"duration":18,"level":1,"url":"https://assets.afcdn.com/recipe/20140921/15292_w800h600c1cx1224cy1224.jpg"})
02-01-2020 13:23:55,292 DEBUG (Recipe.java:70) - getName()
02-01-2020 13:23:55,293 DEBUG (JasperPDF.java:64) - Appel de la méthode: downloadReport()
02-01-2020 13:24:01,658 DEBUG (RecipeController.java:69) - Appel de la méthode: RecipeByIdExportToPDF(Integer idRecipe) via url: /getRecipes/2
02-01-2020 13:24:01,668 DEBUG (JasperPDF.java:26) - Appel de la méthode: ExportPDF({"id":2,"name":"Carpaccio of scallops with lemon caviar with lemon caviar","category":0,"description":"","ingredients":"12 large scallops, 3 lemongrass sticks, 5 cl olive oil, 1 lemon caviar, 2 chervil branches","person":4,"duration":20,"level":1,"url":"https://resize-elle.ladmedia.fr/r/618,769,force,ffffff/img/var/plain_site/storage/images/imports/repack/elle-a-table/carpaccio-de-saint-jacques-au-citron-caviar-3752811/89660275-2-fre-FR/Carpaccio-de-saint-jacques-au-citron-caviar.jpg"})
02-01-2020 13:24:01,793 DEBUG (Recipe.java:70) - getName()
02-01-2020 13:24:01,794 DEBUG (JasperPDF.java:64) - Appel de la méthode: downloadReport()
02-01-2020 13:24:03,131 DEBUG (RecipeController.java:69) - Appel de la méthode: RecipeByIdExportToPDF(Integer idRecipe) via url: /getRecipes/2
02-01-2020 13:24:03,143 DEBUG (JasperPDF.java:26) - Appel de la méthode: ExportPDF({"id":2,"name":"Carpaccio of scallops with lemon caviar with lemon caviar","category":0,"description":"","ingredients":"12 large scallops, 3 lemongrass sticks, 5 cl olive oil, 1 lemon caviar, 2 chervil branches","person":4,"duration":20,"level":1,"url":"https://resize-elle.ladmedia.fr/r/618,769,force,ffffff/img/var/plain_site/storage/images/imports/repack/elle-a-table/carpaccio-de-saint-jacques-au-citron-caviar-3752811/89660275-2-fre-FR/Carpaccio-de-saint-jacques-au-citron-caviar.jpg"})
02-01-2020 13:24:03,443 DEBUG (Recipe.java:70) - getName()
02-01-2020 13:24:03,444 DEBUG (JasperPDF.java:64) - Appel de la méthode: downloadReport()
02-01-2020 13:24:07,678 DEBUG (RecipeController.java:69) - Appel de la méthode: RecipeByIdExportToPDF(Integer idRecipe) via url: /getRecipes/5
02-01-2020 13:24:07,686 DEBUG (JasperPDF.java:26) - Appel de la méthode: ExportPDF({"id":5,"name":"Potato gratin","category":1,"description":"","ingredients":"1kg of potato, 60g grated cheese, 25cl of fresh cream, 30g butter, 1 garlic clove, pepper, salt","person":4,"duration":70,"level":1,"url":"https://assets.afcdn.com/recipe/20180123/77042_w1024h768c1cx2625cy1750cxt0cyt0cxb5250cyb3500.jpg"})
02-01-2020 13:24:07,772 DEBUG (Recipe.java:70) - getName()
02-01-2020 13:24:07,772 DEBUG (JasperPDF.java:64) - Appel de la méthode: downloadReport()
02-01-2020 13:24:10,470 DEBUG (RecipeController.java:69) - Appel de la méthode: RecipeByIdExportToPDF(Integer idRecipe) via url: /getRecipes/5
02-01-2020 13:24:10,478 DEBUG (JasperPDF.java:26) - Appel de la méthode: ExportPDF({"id":5,"name":"Potato gratin","category":1,"description":"","ingredients":"1kg of potato, 60g grated cheese, 25cl of fresh cream, 30g butter, 1 garlic clove, pepper, salt","person":4,"duration":70,"level":1,"url":"https://assets.afcdn.com/recipe/20180123/77042_w1024h768c1cx2625cy1750cxt0cyt0cxb5250cyb3500.jpg"})
02-01-2020 13:24:10,581 DEBUG (Recipe.java:70) - getName()
02-01-2020 13:24:10,581 DEBUG (JasperPDF.java:64) - Appel de la méthode: downloadReport()
02-01-2020 13:39:08,232 INFO  (FutureTrackingApplication.java:15) - Démarrage de l'application Future Tracking BackEnd
02-01-2020 13:42:01,937 INFO  (FutureTrackingApplication.java:15) - Démarrage de l'application Future Tracking BackEnd
02-01-2020 13:54:29,832 INFO  (FutureTrackingApplication.java:15) - Démarrage de l'application Future Tracking BackEnd
02-01-2020 13:54:30,318 INFO  (FutureTrackingApplication.java:15) - Démarrage de l'application Future Tracking BackEnd
02-01-2020 13:57:42,151 DEBUG (RecipeController.java:69) - Appel de la méthode: RecipeByIdExportToPDF(Integer idRecipe) via url: /getRecipes/3
02-01-2020 13:57:42,306 DEBUG (JasperPDF.java:26) - Appel de la méthode: ExportPDF({"id":3,"name":"Quiche Lorraine","category":1,"description":"","ingredients":"200g shortcrust pastry, 200g bacon, 30g butter, 3 eggs, 20cl of fresh cream, 20cl milk, nutmeg, salt, pepper","person":4,"duration":60,"level":1,"url":"https://assets.afcdn.com/recipe/20160404/37706_w1024h768c1cx1500cy1000.jpg"})
02-01-2020 13:57:45,920 DEBUG (Recipe.java:70) - getName()
02-01-2020 13:57:45,921 DEBUG (JasperPDF.java:64) - Appel de la méthode: downloadReport()
02-01-2020 13:59:45,734 DEBUG (RecipeController.java:69) - Appel de la méthode: RecipeByIdExportToPDF(Integer idRecipe) via url: /getRecipes/3
02-01-2020 13:59:45,748 DEBUG (JasperPDF.java:26) - Appel de la méthode: ExportPDF({"id":3,"name":"Quiche Lorraine","category":1,"description":"","ingredients":"200g shortcrust pastry, 200g bacon, 30g butter, 3 eggs, 20cl of fresh cream, 20cl milk, nutmeg, salt, pepper","person":4,"duration":60,"level":1,"url":"https://assets.afcdn.com/recipe/20160404/37706_w1024h768c1cx1500cy1000.jpg"})
02-01-2020 13:59:46,109 DEBUG (Recipe.java:70) - getName()
02-01-2020 13:59:46,109 DEBUG (JasperPDF.java:64) - Appel de la méthode: downloadReport()
02-01-2020 14:40:21,456 INFO  (FutureTrackingApplication.java:15) - Démarrage de l'application Future Tracking BackEnd
02-01-2020 14:40:24,524 INFO  (FutureTrackingApplication.java:15) - Démarrage de l'application Future Tracking BackEnd
02-01-2020 14:40:25,264 INFO  (FutureTrackingApplication.java:15) - Démarrage de l'application Future Tracking BackEnd
02-01-2020 14:43:21,191 DEBUG (JasperPDF.java:64) - Appel de la méthode: downloadReport()
02-01-2020 14:43:21,233 DEBUG (JasperPDF.java:26) - Appel de la méthode: ExportPDF({
    "id": 1,
    "name": "Jeanne\u0027s timpani",
    "category": 0,
    "description": "",
    "ingredients": "4 slices of smokeds salmon, 2 zucchini, 3 eggs, 10 cl thick fresh cream, 1 small garlic clove, 1 tablespoon olive oil, dill mint, salt, pepper",
    "person": 4,
    "duration": 18,
    "level": 1,
    "url": "https://assets.afcdn.com/recipe/20140921/15292_w800h600c1cx1224cy1224.jpg"
})
02-01-2020 14:45:38,054 DEBUG (JasperPDF.java:64) - Appel de la méthode: downloadReport()
02-01-2020 14:45:38,115 DEBUG (JasperPDF.java:26) - Appel de la méthode: ExportPDF({
    "id": 1,
    "name": "Jeanne\u0027s timpani",
    "category": 0,
    "description": "",
    "ingredients": "4 slices of smokeds salmon, 2 zucchini, 3 eggs, 10 cl thick fresh cream, 1 small garlic clove, 1 tablespoon olive oil, dill mint, salt, pepper",
    "person": 4,
    "duration": 18,
    "level": 1,
    "url": "https://assets.afcdn.com/recipe/20140921/15292_w800h600c1cx1224cy1224.jpg"
})
02-01-2020 14:45:52,379 DEBUG (JasperPDF.java:64) - Appel de la méthode: downloadReport()
02-01-2020 14:45:52,404 DEBUG (JasperPDF.java:26) - Appel de la méthode: ExportPDF({
    "id": 1,
    "name": "Jeanne\u0027s timpani",
    "category": 0,
    "description": "",
    "ingredients": "4 slices of smokeds salmon, 2 zucchini, 3 eggs, 10 cl thick fresh cream, 1 small garlic clove, 1 tablespoon olive oil, dill mint, salt, pepper",
    "person": 4,
    "duration": 18,
    "level": 1,
    "url": "https://assets.afcdn.com/recipe/20140921/15292_w800h600c1cx1224cy1224.jpg"
})
02-01-2020 14:50:19,609 DEBUG (JasperPDF.java:64) - Appel de la méthode: downloadReport()
02-01-2020 14:50:19,726 DEBUG (JasperPDF.java:26) - Appel de la méthode: ExportPDF({
    "id": 1,
    "name": "Jeanne\u0027s timpani",
    "category": 0,
    "description": "",
    "ingredients": "4 slices of smokeds salmon, 2 zucchini, 3 eggs, 10 cl thick fresh cream, 1 small garlic clove, 1 tablespoon olive oil, dill mint, salt, pepper",
    "person": 4,
    "duration": 18,
    "level": 1,
    "url": "https://assets.afcdn.com/recipe/20140921/15292_w800h600c1cx1224cy1224.jpg"
})
02-01-2020 14:54:42,799 DEBUG (JasperPDF.java:64) - Appel de la méthode: downloadReport()
02-01-2020 14:54:42,901 DEBUG (JasperPDF.java:26) - Appel de la méthode: ExportPDF({
    "id": 1,
    "name": "Jeanne\u0027s timpani",
    "category": 0,
    "description": "",
    "ingredients": "4 slices of smokeds salmon, 2 zucchini, 3 eggs, 10 cl thick fresh cream, 1 small garlic clove, 1 tablespoon olive oil, dill mint, salt, pepper",
    "person": 4,
    "duration": 18,
    "level": 1,
    "url": "https://assets.afcdn.com/recipe/20140921/15292_w800h600c1cx1224cy1224.jpg"
})
02-01-2020 14:57:53,417 DEBUG (JasperPDF.java:64) - Appel de la méthode: downloadReport()
02-01-2020 14:57:53,512 DEBUG (JasperPDF.java:26) - Appel de la méthode: ExportPDF({
    "id": 1,
    "name": "Jeanne\u0027s timpani",
    "category": 0,
    "description": "",
    "ingredients": "4 slices of smokeds salmon, 2 zucchini, 3 eggs, 10 cl thick fresh cream, 1 small garlic clove, 1 tablespoon olive oil, dill mint, salt, pepper",
    "person": 4,
    "duration": 18,
    "level": 1,
    "url": "https://assets.afcdn.com/recipe/20140921/15292_w800h600c1cx1224cy1224.jpg"
})
